[2017-01-24 23:55:22] START
[2017-01-24 23:55:22] EDIT welcome/controllers/default.py: 1
[2017-02-22 10:56:26] EDIT EasyCommerce/models/db.py: 0
[2017-02-22 10:59:46] EDIT EasyCommerce/models/db.py: 0
[2017-02-22 11:01:16] EDIT EasyCommerce/models/db.py: 0
[2017-02-22 11:02:22] EDIT EasyCommerce/models/db.py: 0
[2017-02-22 11:02:25] EDIT EasyCommerce/models/db.py: 0
[2017-02-22 11:02:26] EDIT EasyCommerce/models/db.py: 0
[2017-02-22 11:03:49] EDIT EasyCommerce/models/db.py: 0
[2017-02-22 11:04:21] EDIT EasyCommerce/models/db.py: 0
[2017-02-22 12:28:30] EDIT EasyCommerce/views/default/index.html: 0
[2017-03-01 10:51:11] EDIT EasyCommerce/models/db.py: 14
[2017-03-01 10:51:33] EDIT EasyCommerce/models/db.py: 0
[2017-03-01 10:51:37] EDIT EasyCommerce/models/db.py: 0
[2017-03-01 11:06:29] EDIT EasyCommerce/controllers/default.py: 13
[2017-03-01 11:06:57] EDIT EasyCommerce/controllers/default.py: -1
[2017-03-01 11:07:58] CREATE default/card.html: 0
[2017-03-01 11:08:16] EDIT EasyCommerce/views/default/card.html: 1
[2017-03-01 11:08:32] EDIT EasyCommerce/views/default/card.html: 0
[2017-03-01 11:15:31] EDIT EasyCommerce/models/db.py: 0
[2017-03-01 11:16:36] EDIT EasyCommerce/models/db.py: 0
[2017-03-01 11:18:04] EDIT EasyCommerce/models/db.py: 0
[2017-03-01 11:19:12] EDIT EasyCommerce/controllers/default.py: 0
[2017-03-01 11:20:15] EDIT EasyCommerce/controllers/default.py: 0
[2017-03-01 11:21:50] EDIT EasyCommerce/controllers/default.py: 0
[2017-03-01 11:24:01] EDIT EasyCommerce/controllers/default.py: 0
[2017-03-01 11:58:49] EDIT EasyCommerce/controllers/default.py: -3
[2017-03-01 11:59:00] EDIT EasyCommerce/controllers/default.py: 3
[2017-03-01 12:00:44] EDIT EasyCommerce/controllers/default.py: -5
